<?xml version="1.0" encoding="UTF-8"?>
<!-- Generated by org.testng.reporters.JUnitXMLReporter -->
<testsuite hostname="LAPTOP-P0DSSJ8D" ignored="0" name="Default test" tests="5" failures="0" timestamp="2020-09-25T21:57:18 IST" time="67.283" errors="0">
  <testcase name="LogoTest" time="0.079" classname="TestCases.HomePageTest"/>
  <testcase name="formClickableTest" time="0.201" classname="TestCases.HomePageTest"/>
  <testcase name="DataInputFormTest" time="0.542" classname="TestCases.HomePageTest"/>
  <testcase name="DataInputFormTest" time="0.559" classname="TestCases.HomePageTest"/>
  <testcase name="DataInputFormTest" time="0.413" classname="TestCases.HomePageTest"/>
</testsuite> <!-- Default test -->
